C:\Users\nauris\Desktop\beauty\beauty\beautyApp\dist\out-tsc\app\app.component.js
C:\Users\nauris\Desktop\beauty\beauty\beautyApp\dist\out-tsc\app\app.component.js.map
C:\Users\nauris\Desktop\beauty\beauty\beautyApp\dist\out-tsc\app\test\test.component.js
C:\Users\nauris\Desktop\beauty\beauty\beautyApp\dist\out-tsc\app\test\test.component.js.map
C:\Users\nauris\Desktop\beauty\beauty\beautyApp\dist\out-tsc\app\login\login.component.js
C:\Users\nauris\Desktop\beauty\beauty\beautyApp\dist\out-tsc\app\login\login.component.js.map
C:\Users\nauris\Desktop\beauty\beauty\beautyApp\dist\out-tsc\app\beautician-list\beautician-list.component.js
C:\Users\nauris\Desktop\beauty\beauty\beautyApp\dist\out-tsc\app\beautician-list\beautician-list.component.js.map
C:\Users\nauris\Desktop\beauty\beauty\beautyApp\dist\out-tsc\app\user-create\user-create.component.js
C:\Users\nauris\Desktop\beauty\beauty\beautyApp\dist\out-tsc\app\user-create\user-create.component.js.map
C:\Users\nauris\Desktop\beauty\beauty\beautyApp\dist\out-tsc\app\app.routes.js
C:\Users\nauris\Desktop\beauty\beauty\beautyApp\dist\out-tsc\app\app.routes.js.map
C:\Users\nauris\Desktop\beauty\beauty\beautyApp\dist\out-tsc\app\beautician-detail\beautician-detail.component.js
C:\Users\nauris\Desktop\beauty\beauty\beautyApp\dist\out-tsc\app\beautician-detail\beautician-detail.component.js.map
C:\Users\nauris\Desktop\beauty\beauty\beautyApp\dist\out-tsc\app\beautician-edit\beautician-edit.component.js
C:\Users\nauris\Desktop\beauty\beauty\beautyApp\dist\out-tsc\app\beautician-edit\beautician-edit.component.js.map
C:\Users\nauris\Desktop\beauty\beauty\beautyApp\dist\out-tsc\app\myprofile\myprofile.component.js
C:\Users\nauris\Desktop\beauty\beauty\beautyApp\dist\out-tsc\app\myprofile\myprofile.component.js.map
C:\Users\nauris\Desktop\beauty\beauty\beautyApp\dist\out-tsc\app\user-list\user-list.component.js
C:\Users\nauris\Desktop\beauty\beauty\beautyApp\dist\out-tsc\app\user-list\user-list.component.js.map
C:\Users\nauris\Desktop\beauty\beauty\beautyApp\dist\out-tsc\app\app.module.js
C:\Users\nauris\Desktop\beauty\beauty\beautyApp\dist\out-tsc\app\app.module.js.map
C:\Users\nauris\Desktop\beauty\beauty\beautyApp\dist\out-tsc\main.js
C:\Users\nauris\Desktop\beauty\beauty\beautyApp\dist\out-tsc\main.js.map
C:\Users\nauris\Desktop\beauty\beauty\beautyApp\dist\out-tsc\app\app.component.spec.js
C:\Users\nauris\Desktop\beauty\beauty\beautyApp\dist\out-tsc\app\app.component.spec.js.map
C:\Users\nauris\Desktop\beauty\beauty\beautyApp\dist\out-tsc\app\beautician-detail\beautician-detail.component.spec.js
C:\Users\nauris\Desktop\beauty\beauty\beautyApp\dist\out-tsc\app\beautician-detail\beautician-detail.component.spec.js.map
C:\Users\nauris\Desktop\beauty\beauty\beautyApp\dist\out-tsc\app\beautician-edit\beautician-edit.component.spec.js
C:\Users\nauris\Desktop\beauty\beauty\beautyApp\dist\out-tsc\app\beautician-edit\beautician-edit.component.spec.js.map
C:\Users\nauris\Desktop\beauty\beauty\beautyApp\dist\out-tsc\app\beautician-list\beautician-list.component.spec.js
C:\Users\nauris\Desktop\beauty\beauty\beautyApp\dist\out-tsc\app\beautician-list\beautician-list.component.spec.js.map
C:\Users\nauris\Desktop\beauty\beauty\beautyApp\dist\out-tsc\app\login\login.component.spec.js
C:\Users\nauris\Desktop\beauty\beauty\beautyApp\dist\out-tsc\app\login\login.component.spec.js.map
C:\Users\nauris\Desktop\beauty\beauty\beautyApp\dist\out-tsc\app\myprofile\myprofile.component.spec.js
C:\Users\nauris\Desktop\beauty\beauty\beautyApp\dist\out-tsc\app\myprofile\myprofile.component.spec.js.map
C:\Users\nauris\Desktop\beauty\beauty\beautyApp\dist\out-tsc\app\services\test.service.js
C:\Users\nauris\Desktop\beauty\beauty\beautyApp\dist\out-tsc\app\services\test.service.js.map
C:\Users\nauris\Desktop\beauty\beauty\beautyApp\dist\out-tsc\app\services\test.service.spec.js
C:\Users\nauris\Desktop\beauty\beauty\beautyApp\dist\out-tsc\app\services\test.service.spec.js.map
C:\Users\nauris\Desktop\beauty\beauty\beautyApp\dist\out-tsc\app\test\test.component.spec.js
C:\Users\nauris\Desktop\beauty\beauty\beautyApp\dist\out-tsc\app\test\test.component.spec.js.map
C:\Users\nauris\Desktop\beauty\beauty\beautyApp\dist\out-tsc\app\user-create\user-create.component.spec.js
C:\Users\nauris\Desktop\beauty\beauty\beautyApp\dist\out-tsc\app\user-create\user-create.component.spec.js.map
C:\Users\nauris\Desktop\beauty\beauty\beautyApp\dist\out-tsc\app\user-list\user-list.component.spec.js
C:\Users\nauris\Desktop\beauty\beauty\beautyApp\dist\out-tsc\app\user-list\user-list.component.spec.js.map
